
AVRASM ver. 2.1.30  H:\GJU\List\sam.asm Wed Apr 06 07:29:19 2016

H:\GJU\List\sam.asm(1072): warning: Register r5 already defined by the .DEF directive
H:\GJU\List\sam.asm(1073): warning: Register r4 already defined by the .DEF directive
H:\GJU\List\sam.asm(1074): warning: Register r7 already defined by the .DEF directive
                 
                 
                 ;CodeVisionAVR C Compiler V2.05.3 Standard
                 ;(C) Copyright 1998-2011 Pavel Haiduc, HP InfoTech s.r.l.
                 ;http://www.hpinfotech.com
                 
                 ;Chip type                : ATmega16
                 ;Program type             : Application
                 ;Clock frequency          : 8,000000 MHz
                 ;Memory model             : Small
                 ;Optimize for             : Size
                 ;(s)printf features       : int, width
                 ;(s)scanf features        : int, width
                 ;External RAM size        : 0
                 ;Data Stack size          : 256 byte(s)
                 ;Heap size                : 0 byte(s)
                 ;Promote 'char' to 'int'  : Yes
                 ;'char' is unsigned       : Yes
                 ;8 bit enums              : Yes
                 ;Global 'const' stored in FLASH     : No
                 ;Enhanced function parameter passing: Yes
                 ;Enhanced core instructions         : On
                 ;Smart register allocation          : On
                 ;Automatic register allocation      : On
                 
                 	#pragma AVRPART ADMIN PART_NAME ATmega16
                 	#pragma AVRPART MEMORY PROG_FLASH 16384
                 	#pragma AVRPART MEMORY EEPROM 512
                 	#pragma AVRPART MEMORY INT_SRAM SIZE 1119
                 	#pragma AVRPART MEMORY INT_SRAM START_ADDR 0x60
                 
                 	#define CALL_SUPPORTED 1
                 
                 	.LISTMAC
                 	.EQU UDRE=0x5
                 	.EQU RXC=0x7
                 	.EQU USR=0xB
                 	.EQU UDR=0xC
                 	.EQU SPSR=0xE
                 	.EQU SPDR=0xF
                 	.EQU EERE=0x0
                 	.EQU EEWE=0x1
                 	.EQU EEMWE=0x2
                 	.EQU EECR=0x1C
                 	.EQU EEDR=0x1D
                 	.EQU EEARL=0x1E
                 	.EQU EEARH=0x1F
                 	.EQU WDTCR=0x21
                 	.EQU MCUCR=0x35
                 	.EQU GICR=0x3B
                 	.EQU SPL=0x3D
                 	.EQU SPH=0x3E
                 	.EQU SREG=0x3F
                 
                 	.DEF R0X0=R0
                 	.DEF R0X1=R1
                 	.DEF R0X2=R2
                 	.DEF R0X3=R3
                 	.DEF R0X4=R4
                 	.DEF R0X5=R5
                 	.DEF R0X6=R6
                 	.DEF R0X7=R7
                 	.DEF R0X8=R8
                 	.DEF R0X9=R9
                 	.DEF R0XA=R10
                 	.DEF R0XB=R11
                 	.DEF R0XC=R12
                 	.DEF R0XD=R13
                 	.DEF R0XE=R14
                 	.DEF R0XF=R15
                 	.DEF R0X10=R16
                 	.DEF R0X11=R17
                 	.DEF R0X12=R18
                 	.DEF R0X13=R19
                 	.DEF R0X14=R20
                 	.DEF R0X15=R21
                 	.DEF R0X16=R22
                 	.DEF R0X17=R23
                 	.DEF R0X18=R24
                 	.DEF R0X19=R25
                 	.DEF R0X1A=R26
                 	.DEF R0X1B=R27
                 	.DEF R0X1C=R28
                 	.DEF R0X1D=R29
                 	.DEF R0X1E=R30
                 	.DEF R0X1F=R31
                 
                 	.EQU __SRAM_START=0x0060
                 	.EQU __SRAM_END=0x045F
                 	.EQU __DSTACK_SIZE=0x0100
                 	.EQU __HEAP_SIZE=0x0000
                 	.EQU __CLEAR_SRAM_SIZE=__SRAM_END-__SRAM_START+1
                 
                 	.MACRO __CPD1N
                 	CPI  R30,LOW(@0)
                 	LDI  R26,HIGH(@0)
                 	CPC  R31,R26
                 	LDI  R26,BYTE3(@0)
                 	CPC  R22,R26
                 	LDI  R26,BYTE4(@0)
                 	CPC  R23,R26
                 	.ENDM
                 
                 	.MACRO __CPD2N
                 	CPI  R26,LOW(@0)
                 	LDI  R30,HIGH(@0)
                 	CPC  R27,R30
                 	LDI  R30,BYTE3(@0)
                 	CPC  R24,R30
                 	LDI  R30,BYTE4(@0)
                 	CPC  R25,R30
                 	.ENDM
                 
                 	.MACRO __CPWRR
                 	CP   R@0,R@2
                 	CPC  R@1,R@3
                 	.ENDM
                 
                 	.MACRO __CPWRN
                 	CPI  R@0,LOW(@2)
                 	LDI  R30,HIGH(@2)
                 	CPC  R@1,R30
                 	.ENDM
                 
                 	.MACRO __ADDB1MN
                 	SUBI R30,LOW(-@0-(@1))
                 	.ENDM
                 
                 	.MACRO __ADDB2MN
                 	SUBI R26,LOW(-@0-(@1))
                 	.ENDM
                 
                 	.MACRO __ADDW1MN
                 	SUBI R30,LOW(-@0-(@1))
                 	SBCI R31,HIGH(-@0-(@1))
                 	.ENDM
                 
                 	.MACRO __ADDW2MN
                 	SUBI R26,LOW(-@0-(@1))
                 	SBCI R27,HIGH(-@0-(@1))
                 	.ENDM
                 
                 	.MACRO __ADDW1FN
                 	SUBI R30,LOW(-2*@0-(@1))
                 	SBCI R31,HIGH(-2*@0-(@1))
                 	.ENDM
                 
                 	.MACRO __ADDD1FN
                 	SUBI R30,LOW(-2*@0-(@1))
                 	SBCI R31,HIGH(-2*@0-(@1))
                 	SBCI R22,BYTE3(-2*@0-(@1))
                 	.ENDM
                 
                 	.MACRO __ADDD1N
                 	SUBI R30,LOW(-@0)
                 	SBCI R31,HIGH(-@0)
                 	SBCI R22,BYTE3(-@0)
                 	SBCI R23,BYTE4(-@0)
                 	.ENDM
                 
                 	.MACRO __ADDD2N
                 	SUBI R26,LOW(-@0)
                 	SBCI R27,HIGH(-@0)
                 	SBCI R24,BYTE3(-@0)
                 	SBCI R25,BYTE4(-@0)
                 	.ENDM
                 
                 	.MACRO __SUBD1N
                 	SUBI R30,LOW(@0)
                 	SBCI R31,HIGH(@0)
                 	SBCI R22,BYTE3(@0)
                 	SBCI R23,BYTE4(@0)
                 	.ENDM
                 
                 	.MACRO __SUBD2N
                 	SUBI R26,LOW(@0)
                 	SBCI R27,HIGH(@0)
                 	SBCI R24,BYTE3(@0)
                 	SBCI R25,BYTE4(@0)
                 	.ENDM
                 
                 	.MACRO __ANDBMNN
                 	LDS  R30,@0+(@1)
                 	ANDI R30,LOW(@2)
                 	STS  @0+(@1),R30
                 	.ENDM
                 
                 	.MACRO __ANDWMNN
                 	LDS  R30,@0+(@1)
                 	ANDI R30,LOW(@2)
                 	STS  @0+(@1),R30
                 	LDS  R30,@0+(@1)+1
                 	ANDI R30,HIGH(@2)
                 	STS  @0+(@1)+1,R30
                 	.ENDM
                 
                 	.MACRO __ANDD1N
                 	ANDI R30,LOW(@0)
                 	ANDI R31,HIGH(@0)
                 	ANDI R22,BYTE3(@0)
                 	ANDI R23,BYTE4(@0)
                 	.ENDM
                 
                 	.MACRO __ANDD2N
                 	ANDI R26,LOW(@0)
                 	ANDI R27,HIGH(@0)
                 	ANDI R24,BYTE3(@0)
                 	ANDI R25,BYTE4(@0)
                 	.ENDM
                 
                 	.MACRO __ORBMNN
                 	LDS  R30,@0+(@1)
                 	ORI  R30,LOW(@2)
                 	STS  @0+(@1),R30
                 	.ENDM
                 
                 	.MACRO __ORWMNN
                 	LDS  R30,@0+(@1)
                 	ORI  R30,LOW(@2)
                 	STS  @0+(@1),R30
                 	LDS  R30,@0+(@1)+1
                 	ORI  R30,HIGH(@2)
                 	STS  @0+(@1)+1,R30
                 	.ENDM
                 
                 	.MACRO __ORD1N
                 	ORI  R30,LOW(@0)
                 	ORI  R31,HIGH(@0)
                 	ORI  R22,BYTE3(@0)
                 	ORI  R23,BYTE4(@0)
                 	.ENDM
                 
                 	.MACRO __ORD2N
                 	ORI  R26,LOW(@0)
                 	ORI  R27,HIGH(@0)
                 	ORI  R24,BYTE3(@0)
                 	ORI  R25,BYTE4(@0)
                 	.ENDM
                 
                 	.MACRO __DELAY_USB
                 	LDI  R24,LOW(@0)
                 __DELAY_USB_LOOP:
                 	DEC  R24
                 	BRNE __DELAY_USB_LOOP
                 	.ENDM
                 
                 	.MACRO __DELAY_USW
                 	LDI  R24,LOW(@0)
                 	LDI  R25,HIGH(@0)
                 __DELAY_USW_LOOP:
                 	SBIW R24,1
                 	BRNE __DELAY_USW_LOOP
                 	.ENDM
                 
                 	.MACRO __GETD1S
                 	LDD  R30,Y+@0
                 	LDD  R31,Y+@0+1
                 	LDD  R22,Y+@0+2
                 	LDD  R23,Y+@0+3
                 	.ENDM
                 
                 	.MACRO __GETD2S
                 	LDD  R26,Y+@0
                 	LDD  R27,Y+@0+1
                 	LDD  R24,Y+@0+2
                 	LDD  R25,Y+@0+3
                 	.ENDM
                 
                 	.MACRO __PUTD1S
                 	STD  Y+@0,R30
                 	STD  Y+@0+1,R31
                 	STD  Y+@0+2,R22
                 	STD  Y+@0+3,R23
                 	.ENDM
                 
                 	.MACRO __PUTD2S
                 	STD  Y+@0,R26
                 	STD  Y+@0+1,R27
                 	STD  Y+@0+2,R24
                 	STD  Y+@0+3,R25
                 	.ENDM
                 
                 	.MACRO __PUTDZ2
                 	STD  Z+@0,R26
                 	STD  Z+@0+1,R27
                 	STD  Z+@0+2,R24
                 	STD  Z+@0+3,R25
                 	.ENDM
                 
                 	.MACRO __CLRD1S
                 	STD  Y+@0,R30
                 	STD  Y+@0+1,R30
                 	STD  Y+@0+2,R30
                 	STD  Y+@0+3,R30
                 	.ENDM
                 
                 	.MACRO __POINTB1MN
                 	LDI  R30,LOW(@0+(@1))
                 	.ENDM
                 
                 	.MACRO __POINTW1MN
                 	LDI  R30,LOW(@0+(@1))
                 	LDI  R31,HIGH(@0+(@1))
                 	.ENDM
                 
                 	.MACRO __POINTD1M
                 	LDI  R30,LOW(@0)
                 	LDI  R31,HIGH(@0)
                 	LDI  R22,BYTE3(@0)
                 	LDI  R23,BYTE4(@0)
                 	.ENDM
                 
                 	.MACRO __POINTW1FN
                 	LDI  R30,LOW(2*@0+(@1))
                 	LDI  R31,HIGH(2*@0+(@1))
                 	.ENDM
                 
                 	.MACRO __POINTD1FN
                 	LDI  R30,LOW(2*@0+(@1))
                 	LDI  R31,HIGH(2*@0+(@1))
                 	LDI  R22,BYTE3(2*@0+(@1))
                 	LDI  R23,BYTE4(2*@0+(@1))
                 	.ENDM
                 
                 	.MACRO __POINTB2MN
                 	LDI  R26,LOW(@0+(@1))
                 	.ENDM
                 
                 	.MACRO __POINTW2MN
                 	LDI  R26,LOW(@0+(@1))
                 	LDI  R27,HIGH(@0+(@1))
                 	.ENDM
                 
                 	.MACRO __POINTW2FN
                 	LDI  R26,LOW(2*@0+(@1))
                 	LDI  R27,HIGH(2*@0+(@1))
                 	.ENDM
                 
                 	.MACRO __POINTD2FN
                 	LDI  R26,LOW(2*@0+(@1))
                 	LDI  R27,HIGH(2*@0+(@1))
                 	LDI  R24,BYTE3(2*@0+(@1))
                 	LDI  R25,BYTE4(2*@0+(@1))
                 	.ENDM
                 
                 	.MACRO __POINTBRM
                 	LDI  R@0,LOW(@1)
                 	.ENDM
                 
                 	.MACRO __POINTWRM
                 	LDI  R@0,LOW(@2)
                 	LDI  R@1,HIGH(@2)
                 	.ENDM
                 
                 	.MACRO __POINTBRMN
                 	LDI  R@0,LOW(@1+(@2))
                 	.ENDM
                 
                 	.MACRO __POINTWRMN
                 	LDI  R@0,LOW(@2+(@3))
                 	LDI  R@1,HIGH(@2+(@3))
                 	.ENDM
                 
                 	.MACRO __POINTWRFN
                 	LDI  R@0,LOW(@2*2+(@3))
                 	LDI  R@1,HIGH(@2*2+(@3))
                 	.ENDM
                 
                 	.MACRO __GETD1N
                 	LDI  R30,LOW(@0)
                 	LDI  R31,HIGH(@0)
                 	LDI  R22,BYTE3(@0)
                 	LDI  R23,BYTE4(@0)
                 	.ENDM
                 
                 	.MACRO __GETD2N
                 	LDI  R26,LOW(@0)
                 	LDI  R27,HIGH(@0)
                 	LDI  R24,BYTE3(@0)
                 	LDI  R25,BYTE4(@0)
                 	.ENDM
                 
                 	.MACRO __GETB1MN
                 	LDS  R30,@0+(@1)
                 	.ENDM
                 
                 	.MACRO __GETB1HMN
                 	LDS  R31,@0+(@1)
                 	.ENDM
                 
                 	.MACRO __GETW1MN
                 	LDS  R30,@0+(@1)
                 	LDS  R31,@0+(@1)+1
                 	.ENDM
                 
                 	.MACRO __GETD1MN
                 	LDS  R30,@0+(@1)
                 	LDS  R31,@0+(@1)+1
                 	LDS  R22,@0+(@1)+2
                 	LDS  R23,@0+(@1)+3
                 	.ENDM
                 
                 	.MACRO __GETBRMN
                 	LDS  R@0,@1+(@2)
                 	.ENDM
                 
                 	.MACRO __GETWRMN
                 	LDS  R@0,@2+(@3)
                 	LDS  R@1,@2+(@3)+1
                 	.ENDM
                 
                 	.MACRO __GETWRZ
                 	LDD  R@0,Z+@2
                 	LDD  R@1,Z+@2+1
                 	.ENDM
                 
                 	.MACRO __GETD2Z
                 	LDD  R26,Z+@0
                 	LDD  R27,Z+@0+1
                 	LDD  R24,Z+@0+2
                 	LDD  R25,Z+@0+3
                 	.ENDM
                 
                 	.MACRO __GETB2MN
                 	LDS  R26,@0+(@1)
                 	.ENDM
                 
                 	.MACRO __GETW2MN
                 	LDS  R26,@0+(@1)
                 	LDS  R27,@0+(@1)+1
                 	.ENDM
                 
                 	.MACRO __GETD2MN
                 	LDS  R26,@0+(@1)
                 	LDS  R27,@0+(@1)+1
                 	LDS  R24,@0+(@1)+2
                 	LDS  R25,@0+(@1)+3
                 	.ENDM
                 
                 	.MACRO __PUTB1MN
                 	STS  @0+(@1),R30
                 	.ENDM
                 
                 	.MACRO __PUTW1MN
                 	STS  @0+(@1),R30
                 	STS  @0+(@1)+1,R31
                 	.ENDM
                 
                 	.MACRO __PUTD1MN
                 	STS  @0+(@1),R30
                 	STS  @0+(@1)+1,R31
                 	STS  @0+(@1)+2,R22
                 	STS  @0+(@1)+3,R23
                 	.ENDM
                 
                 	.MACRO __PUTB1EN
                 	LDI  R26,LOW(@0+(@1))
                 	LDI  R27,HIGH(@0+(@1))
                 	CALL __EEPROMWRB
                 	.ENDM
                 
                 	.MACRO __PUTW1EN
                 	LDI  R26,LOW(@0+(@1))
                 	LDI  R27,HIGH(@0+(@1))
                 	CALL __EEPROMWRW
                 	.ENDM
                 
                 	.MACRO __PUTD1EN
                 	LDI  R26,LOW(@0+(@1))
                 	LDI  R27,HIGH(@0+(@1))
                 	CALL __EEPROMWRD
                 	.ENDM
                 
                 	.MACRO __PUTBR0MN
                 	STS  @0+(@1),R0
                 	.ENDM
                 
                 	.MACRO __PUTBMRN
                 	STS  @0+(@1),R@2
                 	.ENDM
                 
                 	.MACRO __PUTWMRN
                 	STS  @0+(@1),R@2
                 	STS  @0+(@1)+1,R@3
                 	.ENDM
                 
                 	.MACRO __PUTBZR
                 	STD  Z+@1,R@0
                 	.ENDM
                 
                 	.MACRO __PUTWZR
                 	STD  Z+@2,R@0
                 	STD  Z+@2+1,R@1
                 	.ENDM
                 
                 	.MACRO __GETW1R
                 	MOV  R30,R@0
                 	MOV  R31,R@1
                 	.ENDM
                 
                 	.MACRO __GETW2R
                 	MOV  R26,R@0
                 	MOV  R27,R@1
                 	.ENDM
                 
                 	.MACRO __GETWRN
                 	LDI  R@0,LOW(@2)
                 	LDI  R@1,HIGH(@2)
                 	.ENDM
                 
                 	.MACRO __PUTW1R
                 	MOV  R@0,R30
                 	MOV  R@1,R31
                 	.ENDM
                 
                 	.MACRO __PUTW2R
                 	MOV  R@0,R26
                 	MOV  R@1,R27
                 	.ENDM
                 
                 	.MACRO __ADDWRN
                 	SUBI R@0,LOW(-@2)
                 	SBCI R@1,HIGH(-@2)
                 	.ENDM
                 
                 	.MACRO __ADDWRR
                 	ADD  R@0,R@2
                 	ADC  R@1,R@3
                 	.ENDM
                 
                 	.MACRO __SUBWRN
                 	SUBI R@0,LOW(@2)
                 	SBCI R@1,HIGH(@2)
                 	.ENDM
                 
                 	.MACRO __SUBWRR
                 	SUB  R@0,R@2
                 	SBC  R@1,R@3
                 	.ENDM
                 
                 	.MACRO __ANDWRN
                 	ANDI R@0,LOW(@2)
                 	ANDI R@1,HIGH(@2)
                 	.ENDM
                 
                 	.MACRO __ANDWRR
                 	AND  R@0,R@2
                 	AND  R@1,R@3
                 	.ENDM
                 
                 	.MACRO __ORWRN
                 	ORI  R@0,LOW(@2)
                 	ORI  R@1,HIGH(@2)
                 	.ENDM
                 
                 	.MACRO __ORWRR
                 	OR   R@0,R@2
                 	OR   R@1,R@3
                 	.ENDM
                 
                 	.MACRO __EORWRR
                 	EOR  R@0,R@2
                 	EOR  R@1,R@3
                 	.ENDM
                 
                 	.MACRO __GETWRS
                 	LDD  R@0,Y+@2
                 	LDD  R@1,Y+@2+1
                 	.ENDM
                 
                 	.MACRO __PUTBSR
                 	STD  Y+@1,R@0
                 	.ENDM
                 
                 	.MACRO __PUTWSR
                 	STD  Y+@2,R@0
                 	STD  Y+@2+1,R@1
                 	.ENDM
                 
                 	.MACRO __MOVEWRR
                 	MOV  R@0,R@2
                 	MOV  R@1,R@3
                 	.ENDM
                 
                 	.MACRO __INWR
                 	IN   R@0,@2
                 	IN   R@1,@2+1
                 	.ENDM
                 
                 	.MACRO __OUTWR
                 	OUT  @2+1,R@1
                 	OUT  @2,R@0
                 	.ENDM
                 
                 	.MACRO __CALL1MN
                 	LDS  R30,@0+(@1)
                 	LDS  R31,@0+(@1)+1
                 	ICALL
                 	.ENDM
                 
                 	.MACRO __CALL1FN
                 	LDI  R30,LOW(2*@0+(@1))
                 	LDI  R31,HIGH(2*@0+(@1))
                 	CALL __GETW1PF
                 	ICALL
                 	.ENDM
                 
                 	.MACRO __CALL2EN
                 	LDI  R26,LOW(@0+(@1))
                 	LDI  R27,HIGH(@0+(@1))
                 	CALL __EEPROMRDW
                 	ICALL
                 	.ENDM
                 
                 	.MACRO __GETW1STACK
                 	IN   R26,SPL
                 	IN   R27,SPH
                 	ADIW R26,@0+1
                 	LD   R30,X+
                 	LD   R31,X
                 	.ENDM
                 
                 	.MACRO __GETD1STACK
                 	IN   R26,SPL
                 	IN   R27,SPH
                 	ADIW R26,@0+1
                 	LD   R30,X+
                 	LD   R31,X+
                 	LD   R22,X
                 	.ENDM
                 
                 	.MACRO __NBST
                 	BST  R@0,@1
                 	IN   R30,SREG
                 	LDI  R31,0x40
                 	EOR  R30,R31
                 	OUT  SREG,R30
                 	.ENDM
                 
                 
                 	.MACRO __PUTB1SN
                 	LDD  R26,Y+@0
                 	LDD  R27,Y+@0+1
                 	SUBI R26,LOW(-@1)
                 	SBCI R27,HIGH(-@1)
                 	ST   X,R30
                 	.ENDM
                 
                 	.MACRO __PUTW1SN
                 	LDD  R26,Y+@0
                 	LDD  R27,Y+@0+1
                 	SUBI R26,LOW(-@1)
                 	SBCI R27,HIGH(-@1)
                 	ST   X+,R30
                 	ST   X,R31
                 	.ENDM
                 
                 	.MACRO __PUTD1SN
                 	LDD  R26,Y+@0
                 	LDD  R27,Y+@0+1
                 	SUBI R26,LOW(-@1)
                 	SBCI R27,HIGH(-@1)
                 	CALL __PUTDP1
                 	.ENDM
                 
                 	.MACRO __PUTB1SNS
                 	LDD  R26,Y+@0
                 	LDD  R27,Y+@0+1
                 	ADIW R26,@1
                 	ST   X,R30
                 	.ENDM
                 
                 	.MACRO __PUTW1SNS
                 	LDD  R26,Y+@0
                 	LDD  R27,Y+@0+1
                 	ADIW R26,@1
                 	ST   X+,R30
                 	ST   X,R31
                 	.ENDM
                 
                 	.MACRO __PUTD1SNS
                 	LDD  R26,Y+@0
                 	LDD  R27,Y+@0+1
                 	ADIW R26,@1
                 	CALL __PUTDP1
                 	.ENDM
                 
                 	.MACRO __PUTB1PMN
                 	LDS  R26,@0
                 	LDS  R27,@0+1
                 	SUBI R26,LOW(-@1)
                 	SBCI R27,HIGH(-@1)
                 	ST   X,R30
                 	.ENDM
                 
                 	.MACRO __PUTW1PMN
                 	LDS  R26,@0
                 	LDS  R27,@0+1
                 	SUBI R26,LOW(-@1)
                 	SBCI R27,HIGH(-@1)
                 	ST   X+,R30
                 	ST   X,R31
                 	.ENDM
                 
                 	.MACRO __PUTD1PMN
                 	LDS  R26,@0
                 	LDS  R27,@0+1
                 	SUBI R26,LOW(-@1)
                 	SBCI R27,HIGH(-@1)
                 	CALL __PUTDP1
                 	.ENDM
                 
                 	.MACRO __PUTB1PMNS
                 	LDS  R26,@0
                 	LDS  R27,@0+1
                 	ADIW R26,@1
                 	ST   X,R30
                 	.ENDM
                 
                 	.MACRO __PUTW1PMNS
                 	LDS  R26,@0
                 	LDS  R27,@0+1
                 	ADIW R26,@1
                 	ST   X+,R30
                 	ST   X,R31
                 	.ENDM
                 
                 	.MACRO __PUTD1PMNS
                 	LDS  R26,@0
                 	LDS  R27,@0+1
                 	ADIW R26,@1
                 	CALL __PUTDP1
                 	.ENDM
                 
                 	.MACRO __PUTB1RN
                 	MOVW R26,R@0
                 	SUBI R26,LOW(-@1)
                 	SBCI R27,HIGH(-@1)
                 	ST   X,R30
                 	.ENDM
                 
                 	.MACRO __PUTW1RN
                 	MOVW R26,R@0
                 	SUBI R26,LOW(-@1)
                 	SBCI R27,HIGH(-@1)
                 	ST   X+,R30
                 	ST   X,R31
                 	.ENDM
                 
                 	.MACRO __PUTD1RN
                 	MOVW R26,R@0
                 	SUBI R26,LOW(-@1)
                 	SBCI R27,HIGH(-@1)
                 	CALL __PUTDP1
                 	.ENDM
                 
                 	.MACRO __PUTB1RNS
                 	MOVW R26,R@0
                 	ADIW R26,@1
                 	ST   X,R30
                 	.ENDM
                 
                 	.MACRO __PUTW1RNS
                 	MOVW R26,R@0
                 	ADIW R26,@1
                 	ST   X+,R30
                 	ST   X,R31
                 	.ENDM
                 
                 	.MACRO __PUTD1RNS
                 	MOVW R26,R@0
                 	ADIW R26,@1
                 	CALL __PUTDP1
                 	.ENDM
                 
                 	.MACRO __PUTB1RON
                 	MOV  R26,R@0
                 	MOV  R27,R@1
                 	SUBI R26,LOW(-@2)
                 	SBCI R27,HIGH(-@2)
                 	ST   X,R30
                 	.ENDM
                 
                 	.MACRO __PUTW1RON
                 	MOV  R26,R@0
                 	MOV  R27,R@1
                 	SUBI R26,LOW(-@2)
                 	SBCI R27,HIGH(-@2)
                 	ST   X+,R30
                 	ST   X,R31
                 	.ENDM
                 
                 	.MACRO __PUTD1RON
                 	MOV  R26,R@0
                 	MOV  R27,R@1
                 	SUBI R26,LOW(-@2)
                 	SBCI R27,HIGH(-@2)
                 	CALL __PUTDP1
                 	.ENDM
                 
                 	.MACRO __PUTB1RONS
                 	MOV  R26,R@0
                 	MOV  R27,R@1
                 	ADIW R26,@2
                 	ST   X,R30
                 	.ENDM
                 
                 	.MACRO __PUTW1RONS
                 	MOV  R26,R@0
                 	MOV  R27,R@1
                 	ADIW R26,@2
                 	ST   X+,R30
                 	ST   X,R31
                 	.ENDM
                 
                 	.MACRO __PUTD1RONS
                 	MOV  R26,R@0
                 	MOV  R27,R@1
                 	ADIW R26,@2
                 	CALL __PUTDP1
                 	.ENDM
                 
                 
                 	.MACRO __GETB1SX
                 	MOVW R30,R28
                 	SUBI R30,LOW(-@0)
                 	SBCI R31,HIGH(-@0)
                 	LD   R30,Z
                 	.ENDM
                 
                 	.MACRO __GETB1HSX
                 	MOVW R30,R28
                 	SUBI R30,LOW(-@0)
                 	SBCI R31,HIGH(-@0)
                 	LD   R31,Z
                 	.ENDM
                 
                 	.MACRO __GETW1SX
                 	MOVW R30,R28
                 	SUBI R30,LOW(-@0)
                 	SBCI R31,HIGH(-@0)
                 	LD   R0,Z+
                 	LD   R31,Z
                 	MOV  R30,R0
                 	.ENDM
                 
                 	.MACRO __GETD1SX
                 	MOVW R30,R28
                 	SUBI R30,LOW(-@0)
                 	SBCI R31,HIGH(-@0)
                 	LD   R0,Z+
                 	LD   R1,Z+
                 	LD   R22,Z+
                 	LD   R23,Z
                 	MOVW R30,R0
                 	.ENDM
                 
                 	.MACRO __GETB2SX
                 	MOVW R26,R28
                 	SUBI R26,LOW(-@0)
                 	SBCI R27,HIGH(-@0)
                 	LD   R26,X
                 	.ENDM
                 
                 	.MACRO __GETW2SX
                 	MOVW R26,R28
                 	SUBI R26,LOW(-@0)
                 	SBCI R27,HIGH(-@0)
                 	LD   R0,X+
                 	LD   R27,X
                 	MOV  R26,R0
                 	.ENDM
                 
                 	.MACRO __GETD2SX
                 	MOVW R26,R28
                 	SUBI R26,LOW(-@0)
                 	SBCI R27,HIGH(-@0)
                 	LD   R0,X+
                 	LD   R1,X+
                 	LD   R24,X+
                 	LD   R25,X
                 	MOVW R26,R0
                 	.ENDM
                 
                 	.MACRO __GETBRSX
                 	MOVW R30,R28
                 	SUBI R30,LOW(-@1)
                 	SBCI R31,HIGH(-@1)
                 	LD   R@0,Z
                 	.ENDM
                 
                 	.MACRO __GETWRSX
                 	MOVW R30,R28
                 	SUBI R30,LOW(-@2)
                 	SBCI R31,HIGH(-@2)
                 	LD   R@0,Z+
                 	LD   R@1,Z
                 	.ENDM
                 
                 	.MACRO __GETBRSX2
                 	MOVW R26,R28
                 	SUBI R26,LOW(-@1)
                 	SBCI R27,HIGH(-@1)
                 	LD   R@0,X
                 	.ENDM
                 
                 	.MACRO __GETWRSX2
                 	MOVW R26,R28
                 	SUBI R26,LOW(-@2)
                 	SBCI R27,HIGH(-@2)
                 	LD   R@0,X+
                 	LD   R@1,X
                 	.ENDM
                 
                 	.MACRO __LSLW8SX
                 	MOVW R30,R28
                 	SUBI R30,LOW(-@0)
                 	SBCI R31,HIGH(-@0)
                 	LD   R31,Z
                 	CLR  R30
                 	.ENDM
                 
                 	.MACRO __PUTB1SX
                 	MOVW R26,R28
                 	SUBI R26,LOW(-@0)
                 	SBCI R27,HIGH(-@0)
                 	ST   X,R30
                 	.ENDM
                 
                 	.MACRO __PUTW1SX
                 	MOVW R26,R28
                 	SUBI R26,LOW(-@0)
                 	SBCI R27,HIGH(-@0)
                 	ST   X+,R30
                 	ST   X,R31
                 	.ENDM
                 
                 	.MACRO __PUTD1SX
                 	MOVW R26,R28
                 	SUBI R26,LOW(-@0)
                 	SBCI R27,HIGH(-@0)
                 	ST   X+,R30
                 	ST   X+,R31
                 	ST   X+,R22
                 	ST   X,R23
                 	.ENDM
                 
                 	.MACRO __CLRW1SX
                 	MOVW R26,R28
                 	SUBI R26,LOW(-@0)
                 	SBCI R27,HIGH(-@0)
                 	ST   X+,R30
                 	ST   X,R30
                 	.ENDM
                 
                 	.MACRO __CLRD1SX
                 	MOVW R26,R28
                 	SUBI R26,LOW(-@0)
                 	SBCI R27,HIGH(-@0)
                 	ST   X+,R30
                 	ST   X+,R30
                 	ST   X+,R30
                 	ST   X,R30
                 	.ENDM
                 
                 	.MACRO __PUTB2SX
                 	MOVW R30,R28
                 	SUBI R30,LOW(-@0)
                 	SBCI R31,HIGH(-@0)
                 	ST   Z,R26
                 	.ENDM
                 
                 	.MACRO __PUTW2SX
                 	MOVW R30,R28
                 	SUBI R30,LOW(-@0)
                 	SBCI R31,HIGH(-@0)
                 	ST   Z+,R26
                 	ST   Z,R27
                 	.ENDM
                 
                 	.MACRO __PUTD2SX
                 	MOVW R30,R28
                 	SUBI R30,LOW(-@0)
                 	SBCI R31,HIGH(-@0)
                 	ST   Z+,R26
                 	ST   Z+,R27
                 	ST   Z+,R24
                 	ST   Z,R25
                 	.ENDM
                 
                 	.MACRO __PUTBSRX
                 	MOVW R30,R28
                 	SUBI R30,LOW(-@1)
                 	SBCI R31,HIGH(-@1)
                 	ST   Z,R@0
                 	.ENDM
                 
                 	.MACRO __PUTWSRX
                 	MOVW R30,R28
                 	SUBI R30,LOW(-@2)
                 	SBCI R31,HIGH(-@2)
                 	ST   Z+,R@0
                 	ST   Z,R@1
                 	.ENDM
                 
                 	.MACRO __PUTB1SNX
                 	MOVW R26,R28
                 	SUBI R26,LOW(-@0)
                 	SBCI R27,HIGH(-@0)
                 	LD   R0,X+
                 	LD   R27,X
                 	MOV  R26,R0
                 	SUBI R26,LOW(-@1)
                 	SBCI R27,HIGH(-@1)
                 	ST   X,R30
                 	.ENDM
                 
                 	.MACRO __PUTW1SNX
                 	MOVW R26,R28
                 	SUBI R26,LOW(-@0)
                 	SBCI R27,HIGH(-@0)
                 	LD   R0,X+
                 	LD   R27,X
                 	MOV  R26,R0
                 	SUBI R26,LOW(-@1)
                 	SBCI R27,HIGH(-@1)
                 	ST   X+,R30
                 	ST   X,R31
                 	.ENDM
                 
                 	.MACRO __PUTD1SNX
                 	MOVW R26,R28
                 	SUBI R26,LOW(-@0)
                 	SBCI R27,HIGH(-@0)
                 	LD   R0,X+
                 	LD   R27,X
                 	MOV  R26,R0
                 	SUBI R26,LOW(-@1)
                 	SBCI R27,HIGH(-@1)
                 	ST   X+,R30
                 	ST   X+,R31
                 	ST   X+,R22
                 	ST   X,R23
                 	.ENDM
                 
                 	.MACRO __MULBRR
                 	MULS R@0,R@1
                 	MOVW R30,R0
                 	.ENDM
                 
                 	.MACRO __MULBRRU
                 	MUL  R@0,R@1
                 	MOVW R30,R0
                 	.ENDM
                 
                 	.MACRO __MULBRR0
                 	MULS R@0,R@1
                 	.ENDM
                 
                 	.MACRO __MULBRRU0
                 	MUL  R@0,R@1
                 	.ENDM
                 
                 	.MACRO __MULBNWRU
                 	LDI  R26,@2
                 	MUL  R26,R@0
                 	MOVW R30,R0
                 	MUL  R26,R@1
                 	ADD  R31,R0
                 	.ENDM
                 
                 ;NAME DEFINITIONS FOR GLOBAL VARIABLES ALLOCATED TO REGISTERS
                 	.DEF __lcd_x=R5
                 	.DEF __lcd_y=R4
                 	.DEF __lcd_maxx=R7
                 
                 	.CSEG
                 	.ORG 0x00
                 
                 ;START OF CODE MARKER
                 __START_OF_CODE:
                 
                 ;INTERRUPT VECTORS
000000 940c 0048 	JMP  __RESET
000002 940c 0000 	JMP  0x00
000004 940c 0000 	JMP  0x00
000006 940c 0000 	JMP  0x00
000008 940c 0000 	JMP  0x00
00000a 940c 0000 	JMP  0x00
00000c 940c 0000 	JMP  0x00
00000e 940c 0000 	JMP  0x00
000010 940c 0000 	JMP  0x00
000012 940c 0000 	JMP  0x00
000014 940c 0000 	JMP  0x00
000016 940c 0000 	JMP  0x00
000018 940c 0000 	JMP  0x00
00001a 940c 0000 	JMP  0x00
00001c 940c 0000 	JMP  0x00
00001e 940c 0000 	JMP  0x00
000020 940c 0000 	JMP  0x00
000022 940c 0000 	JMP  0x00
000024 940c 0000 	JMP  0x00
000026 940c 0000 	JMP  0x00
000028 940c 0000 	JMP  0x00
                 
                 _tbl10_G100:
00002a 2710
00002b 03e8
00002c 0064
00002d 000a      	.DB  0x10,0x27,0xE8,0x3,0x64,0x0,0xA,0x0
00002e 0001      	.DB  0x1,0x0
                 _tbl16_G100:
00002f 1000
000030 0100
000031 0010
000032 0001      	.DB  0x0,0x10,0x0,0x1,0x10,0x0,0x1,0x0
                 
                 _0x0:
000033 6c50
000034 6775
000035 3520
000036 3120      	.DB  0x50,0x6C,0x75,0x67,0x20,0x35,0x20,0x31
000037 3332
000038 3431
000039 3030
00003a 3934      	.DB  0x32,0x33,0x31,0x34,0x30,0x30,0x34,0x39
00003b 4b00
00003c 6365
00003d 4420
00003e 2043      	.DB  0x0,0x4B,0x65,0x63,0x20,0x44,0x43,0x20
00003f 203a
000040 3231
000041 2038
H:\GJU\List\sam.asm(1115): warning: .cseg .db misalignment - padding zero byte
000042 0000      	.DB  0x3A,0x20,0x31,0x32,0x38,0x20,0x0
                 _0x2020003:
000043 c080      	.DB  0x80,0xC0
                 
                 __GLOBAL_INI_TBL:
000044 0002      	.DW  0x02
000045 0160      	.DW  __base_y_G101
000046 0086      	.DW  _0x2020003*2
                 
                 _0xFFFFFFFF:
000047 0000      	.DW  0
                 
                 __RESET:
000048 94f8      	CLI
000049 27ee      	CLR  R30
00004a bbec      	OUT  EECR,R30
                 
                 ;INTERRUPT VECTORS ARE PLACED
                 ;AT THE START OF FLASH
00004b e0f1      	LDI  R31,1
00004c bffb      	OUT  GICR,R31
00004d bfeb      	OUT  GICR,R30
00004e bfe5      	OUT  MCUCR,R30
                 
                 ;DISABLE WATCHDOG
00004f e1f8      	LDI  R31,0x18
000050 bdf1      	OUT  WDTCR,R31
000051 bde1      	OUT  WDTCR,R30
                 
                 ;CLEAR R2-R14
000052 e08d      	LDI  R24,(14-2)+1
000053 e0a2      	LDI  R26,2
000054 27bb      	CLR  R27
                 __CLEAR_REG:
000055 93ed      	ST   X+,R30
000056 958a      	DEC  R24
000057 f7e9      	BRNE __CLEAR_REG
                 
                 ;CLEAR SRAM
000058 e080      	LDI  R24,LOW(__CLEAR_SRAM_SIZE)
000059 e094      	LDI  R25,HIGH(__CLEAR_SRAM_SIZE)
00005a e6a0      	LDI  R26,__SRAM_START
                 __CLEAR_SRAM:
00005b 93ed      	ST   X+,R30
00005c 9701      	SBIW R24,1
00005d f7e9      	BRNE __CLEAR_SRAM
                 
                 ;GLOBAL VARIABLES INITIALIZATION
00005e e8e8      	LDI  R30,LOW(__GLOBAL_INI_TBL*2)
00005f e0f0      	LDI  R31,HIGH(__GLOBAL_INI_TBL*2)
                 __GLOBAL_INI_NEXT:
000060 9185      	LPM  R24,Z+
000061 9195      	LPM  R25,Z+
000062 9700      	SBIW R24,0
000063 f061      	BREQ __GLOBAL_INI_END
000064 91a5      	LPM  R26,Z+
000065 91b5      	LPM  R27,Z+
000066 9005      	LPM  R0,Z+
000067 9015      	LPM  R1,Z+
000068 01bf      	MOVW R22,R30
000069 01f0      	MOVW R30,R0
                 __GLOBAL_INI_LOOP:
00006a 9005      	LPM  R0,Z+
00006b 920d      	ST   X+,R0
00006c 9701      	SBIW R24,1
00006d f7e1      	BRNE __GLOBAL_INI_LOOP
00006e 01fb      	MOVW R30,R22
00006f cff0      	RJMP __GLOBAL_INI_NEXT
                 __GLOBAL_INI_END:
                 
                 ;HARDWARE STACK POINTER INITIALIZATION
000070 e5ef      	LDI  R30,LOW(__SRAM_END-__HEAP_SIZE)
000071 bfed      	OUT  SPL,R30
000072 e0e4      	LDI  R30,HIGH(__SRAM_END-__HEAP_SIZE)
000073 bfee      	OUT  SPH,R30
                 
                 ;DATA STACK POINTER INITIALIZATION
000074 e6c0      	LDI  R28,LOW(__SRAM_START+__DSTACK_SIZE)
000075 e0d1      	LDI  R29,HIGH(__SRAM_START+__DSTACK_SIZE)
                 
000076 940c 0078 	JMP  _main
                 
                 	.ESEG
                 	.ORG 0
                 
                 	.DSEG
                 	.ORG 0x160
                 
                 	.CSEG
                 ;/*****************************************************
                 ;This program was produced by the
                 ;CodeWizardAVR V2.05.3 Standard
                 ;Automatic Program Generator
                 ;© Copyright 1998-2011 Pavel Haiduc, HP InfoTech s.r.l.
                 ;http://www.hpinfotech.com
                 ;
                 ;Project :
                 ;Version :
                 ;Date    : 06/04/2016
                 ;Author  : tyery08
                 ;Company : embeeminded.blogspot.com
                 ;Comments:
                 ;
                 ;
                 ;Chip type               : ATmega16
                 ;Program type            : Application
                 ;AVR Core Clock frequency: 8,000000 MHz
                 ;Memory model            : Small
                 ;External RAM size       : 0
                 ;Data Stack size         : 256
                 ;*****************************************************/
                 ;
                 ;#include <mega16.h>
                 	#ifndef __SLEEP_DEFINED__
                 	#define __SLEEP_DEFINED__
                 	.EQU __se_bit=0x40
                 	.EQU __sm_mask=0xB0
                 	.EQU __sm_powerdown=0x20
                 	.EQU __sm_powersave=0x30
                 	.EQU __sm_standby=0xA0
                 	.EQU __sm_ext_standby=0xB0
                 	.EQU __sm_adc_noise_red=0x10
                 	.SET power_ctrl_reg=mcucr
                 	#endif
                 ;#include <mega16.h>
                 ;#include <stdio.h>
                 ;#include <delay.h>
                 ;#define pwm_l OCR1A
                 ;#define RIGHT_FWD PORTD.0
                 ;#define RIGHT_REV PORTD.1
                 ;#define  pwm_r OCR1B
                 ;#define LEFT_FWD PORTD.3
                 ;#define LEFT_REV PORTD.4
                 ;// Alphanumeric LCD functions
                 ;#include <alcd.h>
                 ;
                 ;// Declare your global variables here
                 ;
                 ;void main(void)
                 ; 0000 0028 {
                 
                 	.CSEG
                 _main:
                 ; 0000 0029 // Declare your local variables here
                 ; 0000 002A 
                 ; 0000 002B // Input/Output Ports initialization
                 ; 0000 002C // Port A initialization
                 ; 0000 002D // Func7=In Func6=In Func5=In Func4=In Func3=In Func2=In Func1=In Func0=In
                 ; 0000 002E // State7=T State6=T State5=T State4=T State3=T State2=T State1=T State0=T
                 ; 0000 002F PORTA=0x00;
000078 e0e0      	LDI  R30,LOW(0)
000079 bbeb      	OUT  0x1B,R30
                 ; 0000 0030 DDRA=0x00;
00007a bbea      	OUT  0x1A,R30
                 ; 0000 0031 
                 ; 0000 0032 // Port B initialization
                 ; 0000 0033 // Func7=In Func6=In Func5=In Func4=In Func3=In Func2=In Func1=In Func0=In
                 ; 0000 0034 // State7=T State6=T State5=T State4=T State3=T State2=T State1=T State0=T
                 ; 0000 0035 PORTB=0x00;
00007b bbe8      	OUT  0x18,R30
                 ; 0000 0036 DDRB=0x00;
00007c bbe7      	OUT  0x17,R30
                 ; 0000 0037 
                 ; 0000 0038 // Port C initialization
                 ; 0000 0039 // Func7=In Func6=In Func5=In Func4=In Func3=In Func2=In Func1=In Func0=In
                 ; 0000 003A // State7=T State6=T State5=T State4=T State3=T State2=T State1=T State0=T
                 ; 0000 003B PORTC=0x00;
00007d bbe5      	OUT  0x15,R30
                 ; 0000 003C DDRC=0x00;
00007e bbe4      	OUT  0x14,R30
                 ; 0000 003D 
                 ; 0000 003E // Port D initialization
                 ; 0000 003F // Func7=In Func6=In Func5=Out Func4=Out Func3=In Func2=In Func1=In Func0=In
                 ; 0000 0040 // State7=T State6=T State5=0 State4=0 State3=T State2=T State1=T State0=T
                 ; 0000 0041 PORTD=0x00;
00007f bbe2      	OUT  0x12,R30
                 ; 0000 0042 DDRD=0x30;
000080 e3e0      	LDI  R30,LOW(48)
000081 bbe1      	OUT  0x11,R30
                 ; 0000 0043 
                 ; 0000 0044 // Timer/Counter 0 initialization
                 ; 0000 0045 // Clock source: System Clock
                 ; 0000 0046 // Clock value: Timer 0 Stopped
                 ; 0000 0047 // Mode: Normal top=0xFF
                 ; 0000 0048 // OC0 output: Disconnected
                 ; 0000 0049 TCCR0=0x00;
000082 e0e0      	LDI  R30,LOW(0)
000083 bfe3      	OUT  0x33,R30
                 ; 0000 004A TCNT0=0x00;
000084 bfe2      	OUT  0x32,R30
                 ; 0000 004B OCR0=0x00;
000085 bfec      	OUT  0x3C,R30
                 ; 0000 004C 
                 ; 0000 004D // Timer/Counter 1 initialization
                 ; 0000 004E // Clock source: System Clock
                 ; 0000 004F // Clock value: Timer1 Stopped
                 ; 0000 0050 // Mode: Fast PWM top=0x00FF
                 ; 0000 0051 // OC1A output: Non-Inv.
                 ; 0000 0052 // OC1B output: Non-Inv.
                 ; 0000 0053 // Noise Canceler: Off
                 ; 0000 0054 // Input Capture on Falling Edge
                 ; 0000 0055 // Timer1 Overflow Interrupt: Off
                 ; 0000 0056 // Input Capture Interrupt: Off
                 ; 0000 0057 // Compare A Match Interrupt: Off
                 ; 0000 0058 // Compare B Match Interrupt: Off
                 ; 0000 0059 TCCR1A=0xA1;
000086 eae1      	LDI  R30,LOW(161)
000087 bdef      	OUT  0x2F,R30
                 ; 0000 005A TCCR1B=0x08;
000088 e0e8      	LDI  R30,LOW(8)
000089 bdee      	OUT  0x2E,R30
                 ; 0000 005B TCNT1H=0x00;
00008a e0e0      	LDI  R30,LOW(0)
00008b bded      	OUT  0x2D,R30
                 ; 0000 005C TCNT1L=0x00;
00008c bdec      	OUT  0x2C,R30
                 ; 0000 005D ICR1H=0x00;
00008d bde7      	OUT  0x27,R30
                 ; 0000 005E ICR1L=0x00;
00008e bde6      	OUT  0x26,R30
                 ; 0000 005F OCR1AH=0x00;
00008f bdeb      	OUT  0x2B,R30
                 ; 0000 0060 OCR1AL=0x00;
000090 bdea      	OUT  0x2A,R30
                 ; 0000 0061 OCR1BH=0x00;
000091 bde9      	OUT  0x29,R30
                 ; 0000 0062 OCR1BL=0x00;
000092 bde8      	OUT  0x28,R30
                 ; 0000 0063 
                 ; 0000 0064 // Timer/Counter 2 initialization
                 ; 0000 0065 // Clock source: System Clock
                 ; 0000 0066 // Clock value: Timer2 Stopped
                 ; 0000 0067 // Mode: Normal top=0xFF
                 ; 0000 0068 // OC2 output: Disconnected
                 ; 0000 0069 ASSR=0x00;
000093 bde2      	OUT  0x22,R30
                 ; 0000 006A TCCR2=0x00;
000094 bde5      	OUT  0x25,R30
                 ; 0000 006B TCNT2=0x00;
000095 bde4      	OUT  0x24,R30
                 ; 0000 006C OCR2=0x00;
000096 bde3      	OUT  0x23,R30
                 ; 0000 006D 
                 ; 0000 006E // External Interrupt(s) initialization
                 ; 0000 006F // INT0: Off
                 ; 0000 0070 // INT1: Off
                 ; 0000 0071 // INT2: Off
                 ; 0000 0072 MCUCR=0x00;
000097 bfe5      	OUT  0x35,R30
                 ; 0000 0073 MCUCSR=0x00;
000098 bfe4      	OUT  0x34,R30
                 ; 0000 0074 
                 ; 0000 0075 // Timer(s)/Counter(s) Interrupt(s) initialization
                 ; 0000 0076 TIMSK=0x00;
000099 bfe9      	OUT  0x39,R30
                 ; 0000 0077 
                 ; 0000 0078 // USART initialization
                 ; 0000 0079 // USART disabled
                 ; 0000 007A UCSRB=0x00;
00009a b9ea      	OUT  0xA,R30
                 ; 0000 007B 
                 ; 0000 007C // Analog Comparator initialization
                 ; 0000 007D // Analog Comparator: Off
                 ; 0000 007E // Analog Comparator Input Capture by Timer/Counter 1: Off
                 ; 0000 007F ACSR=0x80;
00009b e8e0      	LDI  R30,LOW(128)
00009c b9e8      	OUT  0x8,R30
                 ; 0000 0080 SFIOR=0x00;
00009d e0e0      	LDI  R30,LOW(0)
00009e bfe0      	OUT  0x30,R30
                 ; 0000 0081 
                 ; 0000 0082 // ADC initialization
                 ; 0000 0083 // ADC disabled
                 ; 0000 0084 ADCSRA=0x00;
00009f b9e6      	OUT  0x6,R30
                 ; 0000 0085 
                 ; 0000 0086 // SPI initialization
                 ; 0000 0087 // SPI disabled
                 ; 0000 0088 SPCR=0x00;
0000a0 b9ed      	OUT  0xD,R30
                 ; 0000 0089 
                 ; 0000 008A // TWI initialization
                 ; 0000 008B // TWI disabled
                 ; 0000 008C TWCR=0x00;
0000a1 bfe6      	OUT  0x36,R30
                 ; 0000 008D 
                 ; 0000 008E // Alphanumeric LCD initialization
                 ; 0000 008F // Connections are specified in the
                 ; 0000 0090 // Project|Configure|C Compiler|Libraries|Alphanumeric LCD menu:
                 ; 0000 0091 // RS - PORTA Bit 0
                 ; 0000 0092 // RD - PORTA Bit 1
                 ; 0000 0093 // EN - PORTA Bit 2
                 ; 0000 0094 // D4 - PORTA Bit 4
                 ; 0000 0095 // D5 - PORTA Bit 5
                 ; 0000 0096 // D6 - PORTA Bit 6
                 ; 0000 0097 // D7 - PORTA Bit 7
                 ; 0000 0098 // Characters/line: 16
                 ; 0000 0099 lcd_init(16);
0000a2 e1a0      	LDI  R26,LOW(16)
0000a3 940e 0127 	CALL _lcd_init
                 ; 0000 009A #asm("sei")
0000a5 9478      	sei
                 ; 0000 009B while (1)
                 _0x3:
                 ; 0000 009C       {
                 ; 0000 009D       // Place your code here
                 ; 0000 009E       lcd_gotoxy(0,0);
0000a6 e0e0      	LDI  R30,LOW(0)
0000a7 93ea      	ST   -Y,R30
0000a8 e0a0      	LDI  R26,LOW(0)
0000a9 940e 00e6 	CALL _lcd_gotoxy
                 ; 0000 009F        lcd_putsf("Plug 5 123140049");
                +
0000ab e6a6     +LDI R26 , LOW ( 2 * _0x0 + ( 0 ) )
0000ac e0b0     +LDI R27 , HIGH ( 2 * _0x0 + ( 0 ) )
                 	__POINTW2FN _0x0,0
0000ad 940e 0114 	CALL _lcd_putsf
                 ; 0000 00A0        lcd_gotoxy(0,1);
0000af e0e0      	LDI  R30,LOW(0)
0000b0 93ea      	ST   -Y,R30
0000b1 e0a1      	LDI  R26,LOW(1)
0000b2 940e 00e6 	CALL _lcd_gotoxy
                 ; 0000 00A1        lcd_putsf("Kec DC : 128 ");
                +
0000b4 e7a7     +LDI R26 , LOW ( 2 * _0x0 + ( 17 ) )
0000b5 e0b0     +LDI R27 , HIGH ( 2 * _0x0 + ( 17 ) )
                 	__POINTW2FN _0x0,17
0000b6 940e 0114 	CALL _lcd_putsf
                 ; 0000 00A2 
                 ; 0000 00A3       RIGHT_FWD = 1 ;
0000b8 9a90      	SBI  0x12,0
                 ; 0000 00A4         RIGHT_REV = 0;
0000b9 9891      	CBI  0x12,1
                 ; 0000 00A5 
                 ; 0000 00A6        LEFT_FWD = 0;
0000ba 9893      	CBI  0x12,3
                 ; 0000 00A7         LEFT_REV = 1;
0000bb 9a94      	SBI  0x12,4
                 ; 0000 00A8 
                 ; 0000 00A9         pwm_l = 128;
0000bc e8e0      	LDI  R30,LOW(128)
0000bd e0f0      	LDI  R31,HIGH(128)
0000be bdfb      	OUT  0x2A+1,R31
0000bf bdea      	OUT  0x2A,R30
                 ; 0000 00AA         pwm_r = 255;
0000c0 efef      	LDI  R30,LOW(255)
0000c1 e0f0      	LDI  R31,HIGH(255)
0000c2 bdf9      	OUT  0x28+1,R31
0000c3 bde8      	OUT  0x28,R30
                 ; 0000 00AB       }
0000c4 cfe1      	RJMP _0x3
                 ; 0000 00AC }
                 _0xE:
0000c5 cfff      	RJMP _0xE
                 	#ifndef __SLEEP_DEFINED__
                 	#endif
                 
                 	.CSEG
                 	#ifndef __SLEEP_DEFINED__
                 	#endif
                 
                 	.DSEG
                 
                 	.CSEG
                 __lcd_write_nibble_G101:
0000c6 93aa      	ST   -Y,R26
0000c7 b3eb      	IN   R30,0x1B
0000c8 70ef      	ANDI R30,LOW(0xF)
0000c9 2fae      	MOV  R26,R30
0000ca 81e8      	LD   R30,Y
0000cb 7fe0      	ANDI R30,LOW(0xF0)
0000cc 2bea      	OR   R30,R26
0000cd bbeb      	OUT  0x1B,R30
                +
0000ce e085     +LDI R24 , LOW ( 5 )
                +__DELAY_USB_LOOP :
0000cf 958a     +DEC R24
0000d0 f7f1     +BRNE __DELAY_USB_LOOP
                 	__DELAY_USB 5
0000d1 9ada      	SBI  0x1B,2
                +
0000d2 e08d     +LDI R24 , LOW ( 13 )
                +__DELAY_USB_LOOP :
0000d3 958a     +DEC R24
0000d4 f7f1     +BRNE __DELAY_USB_LOOP
                 	__DELAY_USB 13
0000d5 98da      	CBI  0x1B,2
                +
0000d6 e08d     +LDI R24 , LOW ( 13 )
                +__DELAY_USB_LOOP :
0000d7 958a     +DEC R24
0000d8 f7f1     +BRNE __DELAY_USB_LOOP
                 	__DELAY_USB 13
0000d9 c079      	RJMP _0x2080001
                 __lcd_write_data:
0000da 93aa      	ST   -Y,R26
0000db 81a8      	LD   R26,Y
0000dc dfe9      	RCALL __lcd_write_nibble_G101
0000dd 81e8          ld    r30,y
0000de 95e2          swap  r30
0000df 83e8          st    y,r30
0000e0 81a8      	LD   R26,Y
0000e1 dfe4      	RCALL __lcd_write_nibble_G101
                +
0000e2 e885     +LDI R24 , LOW ( 133 )
                +__DELAY_USB_LOOP :
0000e3 958a     +DEC R24
0000e4 f7f1     +BRNE __DELAY_USB_LOOP
                 	__DELAY_USB 133
0000e5 c06d      	RJMP _0x2080001
                 _lcd_gotoxy:
0000e6 93aa      	ST   -Y,R26
0000e7 81e8      	LD   R30,Y
0000e8 e0f0      	LDI  R31,0
0000e9 5ae0      	SUBI R30,LOW(-__base_y_G101)
0000ea 4ffe      	SBCI R31,HIGH(-__base_y_G101)
0000eb 81e0      	LD   R30,Z
0000ec 81a9      	LDD  R26,Y+1
0000ed 0fae      	ADD  R26,R30
0000ee dfeb      	RCALL __lcd_write_data
0000ef 8059      	LDD  R5,Y+1
0000f0 8048      	LDD  R4,Y+0
0000f1 9622      	ADIW R28,2
0000f2 9508      	RET
                 _lcd_clear:
0000f3 e0a2      	LDI  R26,LOW(2)
0000f4 940e 0155 	CALL SUBOPT_0x0
0000f6 e0ac      	LDI  R26,LOW(12)
0000f7 dfe2      	RCALL __lcd_write_data
0000f8 e0a1      	LDI  R26,LOW(1)
0000f9 940e 0155 	CALL SUBOPT_0x0
0000fb e0e0      	LDI  R30,LOW(0)
0000fc 2e4e      	MOV  R4,R30
0000fd 2e5e      	MOV  R5,R30
0000fe 9508      	RET
                 _lcd_putchar:
0000ff 93aa      	ST   -Y,R26
000100 81a8      	LD   R26,Y
000101 30aa      	CPI  R26,LOW(0xA)
000102 f011      	BREQ _0x2020005
000103 1457      	CP   R5,R7
000104 f048      	BRLO _0x2020004
                 _0x2020005:
000105 e0e0      	LDI  R30,LOW(0)
000106 93ea      	ST   -Y,R30
000107 9443      	INC  R4
000108 2da4      	MOV  R26,R4
000109 dfdc      	RCALL _lcd_gotoxy
00010a 81a8      	LD   R26,Y
00010b 30aa      	CPI  R26,LOW(0xA)
00010c f409      	BRNE _0x2020007
00010d c045      	RJMP _0x2080001
                 _0x2020007:
                 _0x2020004:
00010e 9453      	INC  R5
00010f 9ad8      	SBI  0x1B,0
000110 81a8      	LD   R26,Y
000111 dfc8      	RCALL __lcd_write_data
000112 98d8      	CBI  0x1B,0
000113 c03f      	RJMP _0x2080001
                 _lcd_putsf:
000114 93ba      	ST   -Y,R27
000115 93aa      	ST   -Y,R26
000116 931a      	ST   -Y,R17
                 _0x202000B:
000117 81e9      	LDD  R30,Y+1
000118 81fa      	LDD  R31,Y+1+1
000119 9631      	ADIW R30,1
00011a 83e9      	STD  Y+1,R30
00011b 83fa      	STD  Y+1+1,R31
00011c 9731      	SBIW R30,1
00011d 91e4      	LPM  R30,Z
00011e 2f1e      	MOV  R17,R30
00011f 30e0      	CPI  R30,0
000120 f019      	BREQ _0x202000D
000121 2fa1      	MOV  R26,R17
000122 dfdc      	RCALL _lcd_putchar
000123 cff3      	RJMP _0x202000B
                 _0x202000D:
000124 8118      	LDD  R17,Y+0
000125 9623      	ADIW R28,3
000126 9508      	RET
                 _lcd_init:
000127 93aa      	ST   -Y,R26
000128 b3ea      	IN   R30,0x1A
000129 6fe0      	ORI  R30,LOW(0xF0)
00012a bbea      	OUT  0x1A,R30
00012b 9ad2      	SBI  0x1A,2
00012c 9ad0      	SBI  0x1A,0
00012d 9ad1      	SBI  0x1A,1
00012e 98da      	CBI  0x1B,2
00012f 98d8      	CBI  0x1B,0
000130 98d9      	CBI  0x1B,1
000131 8078      	LDD  R7,Y+0
000132 81e8      	LD   R30,Y
000133 58e0      	SUBI R30,-LOW(128)
                +
000134 93e0 0162+STS __base_y_G101 + ( 2 ) , R30
                 	__PUTB1MN __base_y_G101,2
000136 81e8      	LD   R30,Y
000137 54e0      	SUBI R30,-LOW(192)
                +
000138 93e0 0163+STS __base_y_G101 + ( 3 ) , R30
                 	__PUTB1MN __base_y_G101,3
00013a e1a4      	LDI  R26,LOW(20)
00013b e0b0      	LDI  R27,0
00013c 940e 0163 	CALL _delay_ms
00013e 940e 015b 	CALL SUBOPT_0x1
000140 940e 015b 	CALL SUBOPT_0x1
000142 940e 015b 	CALL SUBOPT_0x1
000144 e2a0      	LDI  R26,LOW(32)
000145 df80      	RCALL __lcd_write_nibble_G101
                +
000146 ec88     +LDI R24 , LOW ( 200 )
000147 e090     +LDI R25 , HIGH ( 200 )
                +__DELAY_USW_LOOP :
000148 9701     +SBIW R24 , 1
000149 f7f1     +BRNE __DELAY_USW_LOOP
                 	__DELAY_USW 200
00014a e2a8      	LDI  R26,LOW(40)
00014b df8e      	RCALL __lcd_write_data
00014c e0a4      	LDI  R26,LOW(4)
00014d df8c      	RCALL __lcd_write_data
00014e e8a5      	LDI  R26,LOW(133)
00014f df8a      	RCALL __lcd_write_data
000150 e0a6      	LDI  R26,LOW(6)
000151 df88      	RCALL __lcd_write_data
000152 dfa0      	RCALL _lcd_clear
                 _0x2080001:
000153 9621      	ADIW R28,1
000154 9508      	RET
                 
                 	.CSEG
                 
                 	.CSEG
                 
                 	.DSEG
                 __base_y_G101:
000160           	.BYTE 0x4
                 
                 	.CSEG
                 ;OPTIMIZER ADDED SUBROUTINE, CALLED 2 TIMES, CODE SIZE REDUCTION:3 WORDS
                 SUBOPT_0x0:
000155 940e 00da 	CALL __lcd_write_data
000157 e0a3      	LDI  R26,LOW(3)
000158 e0b0      	LDI  R27,0
000159 940c 0163 	JMP  _delay_ms
                 
                 ;OPTIMIZER ADDED SUBROUTINE, CALLED 3 TIMES, CODE SIZE REDUCTION:7 WORDS
                 SUBOPT_0x1:
00015b e3a0      	LDI  R26,LOW(48)
00015c 940e 00c6 	CALL __lcd_write_nibble_G101
                +
00015e ec88     +LDI R24 , LOW ( 200 )
00015f e090     +LDI R25 , HIGH ( 200 )
                +__DELAY_USW_LOOP :
000160 9701     +SBIW R24 , 1
000161 f7f1     +BRNE __DELAY_USW_LOOP
                 	__DELAY_USW 200
000162 9508      	RET
                 
                 
                 	.CSEG
                 _delay_ms:
000163 9610      	adiw r26,0
000164 f039      	breq __delay_ms1
                 __delay_ms0:
                +
000165 ed80     +LDI R24 , LOW ( 0x7D0 )
000166 e097     +LDI R25 , HIGH ( 0x7D0 )
                +__DELAY_USW_LOOP :
000167 9701     +SBIW R24 , 1
000168 f7f1     +BRNE __DELAY_USW_LOOP
                 	__DELAY_USW 0x7D0
000169 95a8      	wdr
00016a 9711      	sbiw r26,1
00016b f7c9      	brne __delay_ms0
                 __delay_ms1:
00016c 9508      	ret
                 
                 ;END OF CODE MARKER
                 __END_OF_CODE:


RESOURCE USE INFORMATION
------------------------

Notice:
The register and instruction counts are symbol table hit counts,
and hence implicitly used resources are not counted, eg, the
'lpm' instruction without operands implicitly uses r0 and z,
none of which are counted.

x,y,z are separate entities in the symbol table and are
counted separately from r26..r31 here.

.dseg memory usage only counts static data declared with .byte

ATmega16 register use summary:
r0 :   4 r1 :   1 r2 :   0 r3 :   0 r4 :   4 r5 :   4 r6 :   0 r7 :   2 
r8 :   0 r9 :   0 r10:   0 r11:   0 r12:   0 r13:   0 r14:   0 r15:   0 
r16:   0 r17:   4 r18:   0 r19:   0 r20:   0 r21:   0 r22:   2 r23:   0 
r24:  21 r25:   5 r26:  40 r27:   7 r28:   4 r29:   1 r30: 100 r31:  13 
x  :   3 y  :  31 z  :   9 
Registers used: 18 out of 35 (51.4%)

ATmega16 instruction use summary:
.lds  :   0 .lds.l:   0 .sts  :   0 .sts.l:   0 adc   :   0 add   :   1 
adiw  :   5 and   :   0 andi  :   2 asr   :   0 bclr  :   0 bld   :   0 
brbc  :   0 brbs  :   0 brcc  :   0 brcs  :   0 break :   0 breq  :   4 
brge  :   0 brhc  :   0 brhs  :   0 brid  :   0 brie  :   0 brlo  :   1 
brlt  :   0 brmi  :   0 brne  :  12 brpl  :   0 brsh  :   0 brtc  :   0 
brts  :   0 brvc  :   0 brvs  :   0 bset  :   0 bst   :   0 call  :  13 
cbi   :   7 cbr   :   0 clc   :   0 clh   :   0 cli   :   1 cln   :   0 
clr   :   2 cls   :   0 clt   :   0 clv   :   0 clz   :   0 com   :   0 
cp    :   1 cpc   :   0 cpi   :   3 cpse  :   0 dec   :   5 des   :   0 
eor   :   0 fmul  :   0 fmuls :   0 fmulsu:   0 icall :   0 ijmp  :   0 
in    :   2 inc   :   2 jmp   :  23 ld    :  11 ldd   :   7 ldi   :  60 
lds   :   0 lpm   :   9 lsl   :   0 lsr   :   0 mov   :   6 movw  :   3 
mul   :   0 muls  :   0 mulsu :   0 neg   :   0 nop   :   0 or    :   1 
ori   :   1 out   :  48 pop   :   0 push  :   0 rcall :  13 ret   :   6 
reti  :   0 rjmp  :   8 rol   :   0 ror   :   0 sbc   :   0 sbci  :   1 
sbi   :   7 sbic  :   0 sbis  :   0 sbiw  :   8 sbr   :   0 sbrc  :   0 
sbrs  :   0 sec   :   0 seh   :   0 sei   :   1 sen   :   0 ser   :   0 
ses   :   0 set   :   0 sev   :   0 sez   :   0 sleep :   0 spm   :   0 
st    :  15 std   :   2 sts   :   2 sub   :   0 subi  :   3 swap  :   1 
tst   :   0 wdr   :   1 
Instructions used: 38 out of 116 (32.8%)

ATmega16 memory use summary [bytes]:
Segment   Begin    End      Code   Data   Used    Size   Use%
---------------------------------------------------------------
[.cseg] 0x000000 0x0002da    670     60    730   16384   4.5%
[.dseg] 0x000060 0x000164      0      4      4    1119   0.4%
[.eseg] 0x000000 0x000000      0      0      0     512   0.0%

Assembly complete, 0 errors, 4 warnings
